Drill report for belegt.kicad_pcb
Created on 2025-02-28T15:38:28+0000

Copper Layer Stackup:
    =============================================================
    L1 :  F.Cu                      front
    L2 :  In1.Cu                    in1
    L3 :  In2.Cu                    in2
    L4 :  B.Cu                      back


Drill file 'belegt-PTH.drl' contains
    plated through holes:
    =============================================================
    T1  0.300mm  0.0118"  (66 holes)
    T2  0.500mm  0.0197"  (2 holes)  (with 2 slots)
    T3  0.800mm  0.0315"  (2 holes)
    T4  0.900mm  0.0354"  (6 holes)
    T5  1.100mm  0.0433"  (8 holes)
    T6  1.150mm  0.0453"  (40 holes)
    T7  1.200mm  0.0472"  (2 holes)
    T8  1.600mm  0.0630"  (4 holes)
    T9  3.200mm  0.1260"  (4 holes)

    Total plated holes count 134


Drill file 'belegt-NPTH.drl' contains
    unplated through holes:
    =============================================================
    T1  0.991mm  0.0390"  (3 holes)
    T2  2.375mm  0.0935"  (4 holes)

    Total unplated holes count 7
